<?xml version="1.0" encoding="UTF-8"?>
<!-- Generated by org.testng.reporters.JUnitXMLReporter -->
<testsuite hostname="Administrators-MacBook-Pro-9.local" ignored="0" name="Default test" tests="6" failures="0" timestamp="05 Nov 2018 19:48:57 GMT" time="0.041" errors="0">
  <testcase name="createUser_Developer" time="0.004" classname="com.hubspot.qa.tests.DT"/>
  <testcase name="createUser_Team Lead" time="0.001" classname="com.hubspot.qa.tests.DT"/>
  <testcase name="createUser_QA" time="0.001" classname="com.hubspot.qa.tests.DT"/>
  <testcase name="createUser_Business Analyst" time="0.001" classname="com.hubspot.qa.tests.DT"/>
  <testcase name="createUser_DevOps Eng" time="0.0" classname="com.hubspot.qa.tests.DT"/>
  <testcase name="createUser_PMO" time="0.001" classname="com.hubspot.qa.tests.DT"/>
</testsuite> <!-- Default test -->
