<?xml version="1.0" encoding="UTF-8"?>
<!-- Generated by org.testng.reporters.JUnitXMLReporter -->
<testsuite hostname="Administrators-MacBook-Pro-9.local" ignored="0" name="Default test" tests="6" failures="0" timestamp="31 Oct 2018 02:42:04 GMT" time="136.404" errors="0">
  <testcase name="createContactTest" time="6.175" classname="com.hubspot.qa.tests.ContactsPageTest"/>
  <testcase name="createContactTest" time="7.802" classname="com.hubspot.qa.tests.ContactsPageTest"/>
  <testcase name="createContactTest" time="8.875" classname="com.hubspot.qa.tests.ContactsPageTest"/>
  <testcase name="createContactTest" time="6.03" classname="com.hubspot.qa.tests.ContactsPageTest"/>
  <testcase name="createContactTest" time="7.225" classname="com.hubspot.qa.tests.ContactsPageTest"/>
  <testcase name="createContactTest" time="7.078" classname="com.hubspot.qa.tests.ContactsPageTest"/>
</testsuite> <!-- Default test -->
