<?xml version="1.0" encoding="UTF-8"?>
<!-- Generated by org.testng.reporters.JUnitXMLReporter -->
<testsuite hostname="Administrators-MacBook-Pro-9.local" ignored="0" name="Hub Spot Regression Test Cases" tests="5" failures="0" timestamp="06 Nov 2018 02:30:03 GMT" time="46.673" errors="0">
  <testcase name="verifyLoginPageTitleTest" time="0.044" classname="com.hubspot.qa.tests.LoginTest"/>
  <testcase name="homePageHeaderTest" time="7.655" classname="com.hubspot.qa.tests.HomePageTest"/>
  <testcase name="loginTest" time="1.053" classname="com.hubspot.qa.tests.LoginTest"/>
  <testcase name="homePageTitleTest" time="4.73" classname="com.hubspot.qa.tests.HomePageTest"/>
  <testcase name="accountNameTest" time="6.717" classname="com.hubspot.qa.tests.HomePageTest"/>
</testsuite> <!-- Hub Spot Regression Test Cases -->
