<?xml version="1.0" encoding="UTF-8"?>
<!-- Generated by org.testng.reporters.JUnitXMLReporter -->
<testsuite hostname="Administrators-MacBook-Pro-9.local" ignored="0" name="Hub Spot Sanity Test Cases" tests="2" failures="0" timestamp="06 Nov 2018 02:31:56 GMT" time="13.612" errors="0">
  <testcase name="verifyLoginPageTitleTest" time="0.022" classname="com.hubspot.qa.tests.LoginTest"/>
  <testcase name="loginTest" time="1.894" classname="com.hubspot.qa.tests.LoginTest"/>
</testsuite> <!-- Hub Spot Sanity Test Cases -->
