<?xml version="1.0" encoding="UTF-8"?>
<testng-results skipped="0" failed="0" ignored="0" total="5" passed="5">
  <reporter-output>
  </reporter-output>
  <suite name="Hub Spot Test Automation Suite" duration-ms="46673" started-at="2018-11-06T02:29:17Z" finished-at="2018-11-06T02:30:03Z">
    <groups>
    </groups>
    <test name="Hub Spot Regression Test Cases" duration-ms="46673" started-at="2018-11-06T02:29:17Z" finished-at="2018-11-06T02:30:03Z">
      <class name="com.hubspot.qa.tests.LoginTest">
        <test-method status="PASS" signature="setUp()[pri:0, instance:com.hubspot.qa.tests.LoginTest@57fffcd7]" name="setUp" is-config="true" duration-ms="7452" started-at="2018-11-06T02:29:17Z" finished-at="2018-11-06T02:29:24Z">
          <reporter-output>
          </reporter-output>
        </test-method> <!-- setUp -->
        <test-method status="PASS" signature="verifyLoginPageTitleTest()[pri:1, instance:com.hubspot.qa.tests.LoginTest@57fffcd7]" name="verifyLoginPageTitleTest" duration-ms="44" started-at="2018-11-06T02:29:24Z" finished-at="2018-11-06T02:29:24Z">
          <reporter-output>
          </reporter-output>
        </test-method> <!-- verifyLoginPageTitleTest -->
        <test-method status="PASS" signature="tearDown()[pri:0, instance:com.hubspot.qa.tests.LoginTest@57fffcd7]" name="tearDown" is-config="true" duration-ms="152" started-at="2018-11-06T02:29:24Z" finished-at="2018-11-06T02:29:24Z">
          <reporter-output>
          </reporter-output>
        </test-method> <!-- tearDown -->
        <test-method status="PASS" signature="setUp()[pri:0, instance:com.hubspot.qa.tests.LoginTest@57fffcd7]" name="setUp" is-config="true" duration-ms="7425" started-at="2018-11-06T02:29:33Z" finished-at="2018-11-06T02:29:40Z">
          <reporter-output>
          </reporter-output>
        </test-method> <!-- setUp -->
        <test-method status="PASS" signature="loginTest()[pri:2, instance:com.hubspot.qa.tests.LoginTest@57fffcd7]" name="loginTest" duration-ms="1053" started-at="2018-11-06T02:29:40Z" finished-at="2018-11-06T02:29:41Z">
          <reporter-output>
          </reporter-output>
        </test-method> <!-- loginTest -->
        <test-method status="PASS" signature="tearDown()[pri:0, instance:com.hubspot.qa.tests.LoginTest@57fffcd7]" name="tearDown" is-config="true" duration-ms="178" started-at="2018-11-06T02:29:41Z" finished-at="2018-11-06T02:29:42Z">
          <reporter-output>
          </reporter-output>
        </test-method> <!-- tearDown -->
      </class> <!-- com.hubspot.qa.tests.LoginTest -->
      <class name="com.hubspot.qa.tests.HomePageTest">
        <test-method status="PASS" signature="setUp()[pri:0, instance:com.hubspot.qa.tests.HomePageTest@31ef45e3]" name="setUp" is-config="true" duration-ms="8527" started-at="2018-11-06T02:29:17Z" finished-at="2018-11-06T02:29:25Z">
          <reporter-output>
          </reporter-output>
        </test-method> <!-- setUp -->
        <test-method status="PASS" signature="homePageHeaderTest()[pri:1, instance:com.hubspot.qa.tests.HomePageTest@31ef45e3]" name="homePageHeaderTest" duration-ms="7655" started-at="2018-11-06T02:29:25Z" finished-at="2018-11-06T02:29:33Z">
          <reporter-output>
          </reporter-output>
        </test-method> <!-- homePageHeaderTest -->
        <test-method status="PASS" signature="tearDown()[pri:0, instance:com.hubspot.qa.tests.HomePageTest@31ef45e3]" name="tearDown" is-config="true" duration-ms="169" started-at="2018-11-06T02:29:33Z" finished-at="2018-11-06T02:29:33Z">
          <reporter-output>
          </reporter-output>
        </test-method> <!-- tearDown -->
        <test-method status="PASS" signature="setUp()[pri:0, instance:com.hubspot.qa.tests.HomePageTest@31ef45e3]" name="setUp" is-config="true" duration-ms="13046" started-at="2018-11-06T02:29:33Z" finished-at="2018-11-06T02:29:46Z">
          <reporter-output>
          </reporter-output>
        </test-method> <!-- setUp -->
        <test-method status="PASS" signature="homePageTitleTest()[pri:2, instance:com.hubspot.qa.tests.HomePageTest@31ef45e3]" name="homePageTitleTest" duration-ms="4730" started-at="2018-11-06T02:29:46Z" finished-at="2018-11-06T02:29:51Z">
          <reporter-output>
          </reporter-output>
        </test-method> <!-- homePageTitleTest -->
        <test-method status="PASS" signature="tearDown()[pri:0, instance:com.hubspot.qa.tests.HomePageTest@31ef45e3]" name="tearDown" is-config="true" duration-ms="132" started-at="2018-11-06T02:29:51Z" finished-at="2018-11-06T02:29:51Z">
          <reporter-output>
          </reporter-output>
        </test-method> <!-- tearDown -->
        <test-method status="PASS" signature="setUp()[pri:0, instance:com.hubspot.qa.tests.HomePageTest@31ef45e3]" name="setUp" is-config="true" duration-ms="5476" started-at="2018-11-06T02:29:51Z" finished-at="2018-11-06T02:29:56Z">
          <reporter-output>
          </reporter-output>
        </test-method> <!-- setUp -->
        <test-method status="PASS" signature="accountNameTest()[pri:3, instance:com.hubspot.qa.tests.HomePageTest@31ef45e3]" name="accountNameTest" duration-ms="6717" started-at="2018-11-06T02:29:56Z" finished-at="2018-11-06T02:30:03Z">
          <reporter-output>
          </reporter-output>
        </test-method> <!-- accountNameTest -->
        <test-method status="PASS" signature="tearDown()[pri:0, instance:com.hubspot.qa.tests.HomePageTest@31ef45e3]" name="tearDown" is-config="true" duration-ms="173" started-at="2018-11-06T02:30:03Z" finished-at="2018-11-06T02:30:03Z">
          <reporter-output>
          </reporter-output>
        </test-method> <!-- tearDown -->
      </class> <!-- com.hubspot.qa.tests.HomePageTest -->
    </test> <!-- Hub Spot Regression Test Cases -->
  </suite> <!-- Hub Spot Test Automation Suite -->
</testng-results>
